<?xml version="1.0" encoding="UTF-8"?>
<!-- Generated by org.testng.reporters.JUnitReportReporter -->
<testsuite hostname="SweetHome" failures="0" tests="1" name="AutomationTesting.MavenAutomationProject.TestCase1" time="4.313" errors="0" timestamp="2024-07-02T22:48:57 EDT" skipped="0">
  <testcase classname="AutomationTesting.MavenAutomationProject.TestCase1" name="loginToFacebookusingvalidCredentials" time="4.313"/>
  <system-out/>
</testsuite> <!-- AutomationTesting.MavenAutomationProject.TestCase1 -->
