<?xml version="1.0" encoding="UTF-8"?>
<!-- Generated by org.testng.reporters.JUnitReportReporter -->
<testsuite hostname="SweetHome" failures="0" tests="1" name="amazon.TestCase_5" time="42.966" errors="0" timestamp="2024-07-05T11:50:39 EDT" skipped="0">
  <testcase classname="amazon.TestCase_5" name="Tc4" time="42.966"/>
  <system-out/>
</testsuite> <!-- amazon.TestCase_5 -->
