<?xml version="1.0" encoding="UTF-8"?>
<!-- Generated by org.testng.reporters.JUnitReportReporter -->
<testsuite hostname="SweetHome" failures="0" tests="1" name="amazon.TestCase_3" time="25.083" errors="0" timestamp="2024-07-04T19:02:15 EDT" skipped="0">
  <testcase classname="amazon.TestCase_3" name="Tc2" time="25.083"/>
  <system-out/>
</testsuite> <!-- amazon.TestCase_3 -->
