<?xml version="1.0" encoding="UTF-8"?>
<!-- Generated by org.testng.reporters.JUnitReportReporter -->
<testsuite hostname="SweetHome" failures="0" tests="1" name="amazon.TestCase_1" time="10.765" errors="0" timestamp="2024-07-04T20:06:31 EDT" skipped="0">
  <testcase classname="amazon.TestCase_1" name="Tc1" time="10.765"/>
  <system-out/>
</testsuite> <!-- amazon.TestCase_1 -->
