<?xml version="1.0" encoding="UTF-8"?>
<!-- Generated by org.testng.reporters.JUnitReportReporter -->
<testsuite hostname="SweetHome" failures="0" tests="1" name="amazon.TestCase4" time="22.905" errors="0" timestamp="2024-07-04T19:13:45 EDT" skipped="0">
  <testcase classname="amazon.TestCase4" name="Tc4" time="22.905"/>
  <system-out/>
</testsuite> <!-- amazon.TestCase4 -->
